<?xml version="1.0" encoding="UTF-8"?>
<!-- Generated by org.testng.reporters.JUnitReportReporter -->
<testsuite hostname="DESKTOP-FJTDLHU" failures="0" tests="1" name="tests.DashboardPageTest" time="1.471" errors="0" timestamp="2025-03-15T12:35:54 IST" skipped="0">
  <testcase classname="tests.DashboardPageTest" name="testLogin" time="1.471"/>
</testsuite> <!-- tests.DashboardPageTest -->
